<?xml version="1.0" encoding="UTF-8"?>
<!-- Generated by org.testng.reporters.JUnitReportReporter -->
<testsuite hostname="DESKTOP-KQQB62G" failures="0" tests="1" name="TestBank.TestBank.AppTest" time="10.871" errors="0" timestamp="2025-07-15T15:37:44 AST" skipped="0">
  <testcase classname="TestBank.TestBank.AppTest" name="addCustomer" time="10.871"/>
</testsuite> <!-- TestBank.TestBank.AppTest -->
